# JRE version: OpenJDK Runtime Environment 18.9 (11.0.10+9) (build 11.0.10+9)
# Java VM: OpenJDK 64-Bit Server VM 18.9 (11.0.10+9, mixed mode, sharing, tiered, compressed oops, g1 gc, linux-amd64)
Heap:
 garbage-first heap   total 206848K, used 58377K [0x0000000738e00000, 0x0000000800000000)
  region size 1024K, 20 young (20480K), 5 survivors (5120K)
 Metaspace       used 53454K, capacity 55399K, committed 55596K, reserved 1097728K
  class space    used 7457K, capacity 8218K, committed 8320K, reserved 1048576K
GC Heap History (20 events):
Event: 8622.541 GC heap before
{Heap before GC invocations=14 (full 0):
 garbage-first heap   total 206848K, used 156509K [0x0000000738e00000, 0x0000000800000000)
  region size 1024K, 115 young (117760K), 6 survivors (6144K)
 Metaspace       used 53453K, capacity 55399K, committed 55596K, reserved 1097728K
  class space    used 7456K, capacity 8218K, committed 8320K, reserved 1048576K
}
Event: 8622.588 GC heap after
{Heap after GC invocations=15 (full 0):
 garbage-first heap   total 206848K, used 44012K [0x0000000738e00000, 0x0000000800000000)
  region size 1024K, 5 young (5120K), 5 survivors (5120K)
 Metaspace       used 53453K, capacity 55399K, committed 55596K, reserved 1097728K
  class space    used 7456K, capacity 8218K, committed 8320K, reserved 1048576K
}
Event: 12042.622 GC heap before
{Heap before GC invocations=15 (full 0):
 garbage-first heap   total 206848K, used 159724K [0x0000000738e00000, 0x0000000800000000)
  region size 1024K, 118 young (120832K), 5 survivors (5120K)
 Metaspace       used 53453K, capacity 55399K, committed 55596K, reserved 1097728K
  class space    used 7456K, capacity 8218K, committed 8320K, reserved 1048576K
}
Event: 12042.658 GC heap after
{Heap after GC invocations=16 (full 0):
 garbage-first heap   total 206848K, used 44329K [0x0000000738e00000, 0x0000000800000000)
  region size 1024K, 6 young (6144K), 6 survivors (6144K)
 Metaspace       used 53453K, capacity 55399K, committed 55596K, reserved 1097728K
  class space    used 7456K, capacity 8218K, committed 8320K, reserved 1048576K
}
Event: 15535.104 GC heap before
{Heap before GC invocations=16 (full 0):
 garbage-first heap   total 206848K, used 161065K [0x0000000738e00000, 0x0000000800000000)
  region size 1024K, 120 young (122880K), 6 survivors (6144K)
 Metaspace       used 53453K, capacity 55399K, committed 55596K, reserved 1097728K
  class space    used 7456K, capacity 8218K, committed 8320K, reserved 1048576K
}
Event: 15535.141 GC heap after
{Heap after GC invocations=17 (full 0):
 garbage-first heap   total 206848K, used 44430K [0x0000000738e00000, 0x0000000800000000)
  region size 1024K, 6 young (6144K), 6 survivors (6144K)
 Metaspace       used 53453K, capacity 55399K, committed 55596K, reserved 1097728K
  class space    used 7456K, capacity 8218K, committed 8320K, reserved 1048576K
}
Event: 19024.822 GC heap before
{Heap before GC invocations=17 (full 0):
 garbage-first heap   total 206848K, used 161166K [0x0000000738e00000, 0x0000000800000000)
  region size 1024K, 120 young (122880K), 6 survivors (6144K)
 Metaspace       used 53453K, capacity 55399K, committed 55596K, reserved 1097728K
  class space    used 7456K, capacity 8218K, committed 8320K, reserved 1048576K
}
Event: 19024.857 GC heap after
{Heap after GC invocations=18 (full 0):
 garbage-first heap   total 206848K, used 44083K [0x0000000738e00000, 0x0000000800000000)
  region size 1024K, 5 young (5120K), 5 survivors (5120K)
 Metaspace       used 53453K, capacity 55399K, committed 55596K, reserved 1097728K
  class space    used 7456K, capacity 8218K, committed 8320K, reserved 1048576K
}
Event: 22325.292 GC heap before
{Heap before GC invocations=18 (full 0):
 garbage-first heap   total 206848K, used 161843K [0x0000000738e00000, 0x0000000800000000)
  region size 1024K, 120 young (122880K), 5 survivors (5120K)
 Metaspace       used 53453K, capacity 55399K, committed 55596K, reserved 1097728K
  class space    used 7456K, capacity 8218K, committed 8320K, reserved 1048576K
}
Event: 22325.321 GC heap after
{Heap after GC invocations=19 (full 0):
 garbage-first heap   total 206848K, used 44090K [0x0000000738e00000, 0x0000000800000000)
  region size 1024K, 5 young (5120K), 5 survivors (5120K)
 Metaspace       used 53453K, capacity 55399K, committed 55596K, reserved 1097728K
  class space    used 7456K, capacity 8218K, committed 8320K, reserved 1048576K
}
Event: 25579.802 GC heap before
{Heap before GC invocations=19 (full 0):
 garbage-first heap   total 206848K, used 161850K [0x0000000738e00000, 0x0000000800000000)
  region size 1024K, 120 young (122880K), 5 survivors (5120K)
 Metaspace       used 53453K, capacity 55399K, committed 55596K, reserved 1097728K
  class space    used 7456K, capacity 8218K, committed 8320K, reserved 1048576K
}
Event: 25579.837 GC heap after
{Heap after GC invocations=20 (full 0):
 garbage-first heap   total 206848K, used 44082K [0x0000000738e00000, 0x0000000800000000)
  region size 1024K, 5 young (5120K), 5 survivors (5120K)
 Metaspace       used 53453K, capacity 55399K, committed 55596K, reserved 1097728K
  class space    used 7456K, capacity 8218K, committed 8320K, reserved 1048576K
}
Event: 28806.186 GC heap before
{Heap before GC invocations=20 (full 0):
 garbage-first heap   total 206848K, used 161842K [0x0000000738e00000, 0x0000000800000000)
  region size 1024K, 120 young (122880K), 5 survivors (5120K)
 Metaspace       used 53453K, capacity 55399K, committed 55596K, reserved 1097728K
  class space    used 7456K, capacity 8218K, committed 8320K, reserved 1048576K
}
Event: 28806.223 GC heap after
{Heap after GC invocations=21 (full 0):
 garbage-first heap   total 206848K, used 44090K [0x0000000738e00000, 0x0000000800000000)
  region size 1024K, 5 young (5120K), 5 survivors (5120K)
 Metaspace       used 53453K, capacity 55399K, committed 55596K, reserved 1097728K
  class space    used 7456K, capacity 8218K, committed 8320K, reserved 1048576K
}
Event: 32055.528 GC heap before
{Heap before GC invocations=21 (full 0):
 garbage-first heap   total 206848K, used 161850K [0x0000000738e00000, 0x0000000800000000)
  region size 1024K, 120 young (122880K), 5 survivors (5120K)
 Metaspace       used 53453K, capacity 55399K, committed 55596K, reserved 1097728K
  class space    used 7456K, capacity 8218K, committed 8320K, reserved 1048576K
}
Event: 32055.534 GC heap after
{Heap after GC invocations=22 (full 0):
 garbage-first heap   total 206848K, used 44197K [0x0000000738e00000, 0x0000000800000000)
  region size 1024K, 6 young (6144K), 6 survivors (6144K)
 Metaspace       used 53453K, capacity 55399K, committed 55596K, reserved 1097728K
  class space    used 7456K, capacity 8218K, committed 8320K, reserved 1048576K
}
Event: 35553.004 GC heap before
{Heap before GC invocations=22 (full 0):
 garbage-first heap   total 206848K, used 160933K [0x0000000738e00000, 0x0000000800000000)
  region size 1024K, 120 young (122880K), 6 survivors (6144K)
 Metaspace       used 53453K, capacity 55399K, committed 55596K, reserved 1097728K
  class space    used 7456K, capacity 8218K, committed 8320K, reserved 1048576K
}
Event: 35553.042 GC heap after
{Heap after GC invocations=23 (full 0):
 garbage-first heap   total 206848K, used 44057K [0x0000000738e00000, 0x0000000800000000)
  region size 1024K, 5 young (5120K), 5 survivors (5120K)
 Metaspace       used 53453K, capacity 55399K, committed 55596K, reserved 1097728K
  class space    used 7456K, capacity 8218K, committed 8320K, reserved 1048576K
}
Event: 39120.004 GC heap before
{Heap before GC invocations=23 (full 0):
 garbage-first heap   total 206848K, used 161817K [0x0000000738e00000, 0x0000000800000000)
  region size 1024K, 120 young (122880K), 5 survivors (5120K)
 Metaspace       used 53454K, capacity 55399K, committed 55596K, reserved 1097728K
  class space    used 7457K, capacity 8218K, committed 8320K, reserved 1048576K
}
Event: 39120.051 GC heap after
{Heap after GC invocations=24 (full 0):
 garbage-first heap   total 206848K, used 44041K [0x0000000738e00000, 0x0000000800000000)
  region size 1024K, 5 young (5120K), 5 survivors (5120K)
 Metaspace       used 53454K, capacity 55399K, committed 55596K, reserved 1097728K
  class space    used 7457K, capacity 8218K, committed 8320K, reserved 1048576K
}

